2020-09-02 18:31:32,685 INFO ==================== Matrix Robot Test =====================
2020-09-02 18:31:34,983 INFO ER Metrics version: 2.1.0
2020-09-02 18:31:34,985 INFO Using configuration file ERMetricsPoorDQfinal.properties
2020-09-02 18:31:34,986 INFO Creating report ...
2020-09-02 18:31:34,988 INFO Calculating Entity Resolution ERMetrics . . .
2020-09-02 18:31:34,990 INFO Reference record.column:1 cluster.column:2
2020-09-02 18:31:35,673 INFO 	Header:[RecID,IdTruth]
2020-09-02 18:31:35,674 INFO 	Record #1:A912969:1
2020-09-02 18:31:39,998 INFO Reference Set Records Read[271142]  Duplicates[0]  Created[271142]  Errors[0]
2020-09-02 18:31:40,002 INFO Link Rule Column ignored
2020-09-02 18:31:40,003 INFO Link record.column:1 cluster.column:2 rule.column:0
2020-09-02 18:31:40,003 INFO Reading Link File [ResultsLinkFile.txt]
2020-09-02 18:31:40,004 INFO 	Record #1:A904736:A904736
2020-09-02 18:31:40,007 INFO Link Set Records Read[999]  Matched[999]  Created[0]  Errors[0]
2020-09-02 18:31:40,007 INFO Performing INNER join for 271142 references
2020-09-02 18:31:40,035 INFO Joined Link Set Records Total[271142]  NoLinkId[270143]  NoReferenceId[0]  Joined[999]
2020-09-02 18:31:40,036 INFO Computing True Pairs and Clusters for 999 references
2020-09-02 18:31:40,040 INFO Total Count:999 Pairs:2804 Clusters:195
2020-09-02 18:31:40,043 INFO 100 False Negative pairs written
2020-09-02 18:31:41,590 INFO Computing Linked Pairs and Clusters for 999 references
2020-09-02 18:31:41,593 INFO Total Count:999 Pairs:3160 Clusters:240
2020-09-02 18:31:41,595 INFO 100 False Positive pairs written
2020-09-02 18:31:42,523 INFO Computing Agreement Pairs and Clusters for 999 references
2020-09-02 18:31:42,525 INFO Total Count:999 Pairs:2490 Clusters:269
2020-09-02 18:31:42,526 INFO 
2020-09-02 18:31:42,527 INFO Total Distinct Records ID values (N) ............... = 999
2020-09-02 18:31:42,528 INFO ---------------------Clusters ----------------------
2020-09-02 18:31:42,529 INFO Reference Set Clusters (EC) ........................ = 195
2020-09-02 18:31:42,529 INFO Link Set Clusters (LC) ............................. = 240
2020-09-02 18:31:42,530 INFO Reference+Link Set Agreement Clusters (AC) ......... = 269
2020-09-02 18:31:42,530 INFO 
2020-09-02 18:31:42,530 INFO ---------------------Pairs -------------------------
2020-09-02 18:31:42,531 INFO Total Pairs (D) = ((N * N-1) / 2) .................. = 498,501
2020-09-02 18:31:42,531 INFO Reference Set Pairs (E) ............................ = 2,804
2020-09-02 18:31:42,532 INFO Link Set Linked Pairs (L) .......................... = 3,160
2020-09-02 18:31:42,532 INFO Reference+Link Set Agreement Pairs (A) ............. = 2,490
2020-09-02 18:31:42,532 INFO True Positive Pairs (TP) ........................... = 2,490
2020-09-02 18:31:42,533 INFO False Positive Pairs (FP) = L - TP ................. = 670
2020-09-02 18:31:42,533 INFO True Negative Pairs (TN) = D - TP - FP - FN ........ = 495,027
2020-09-02 18:31:42,533 INFO False Negative Pairs (FN) = E - TP ................. = 314
2020-09-02 18:31:42,534 INFO 
2020-09-02 18:31:42,534 INFO ---------------------Rates - (0.0 - 1.0) -----------
2020-09-02 18:31:42,536 INFO False Positive Rate = FP / (TN + FP) ............... = 0.00135163
2020-09-02 18:31:42,536 INFO False Negative Rate = FN / E ....................... = 0.11198288
2020-09-02 18:31:42,537 INFO Accuracy = (TP + TN) / D ........................... = 0.99802608
2020-09-02 18:31:42,537 INFO Precision = TP / (TP + FP) ......................... = 0.78797468
2020-09-02 18:31:42,538 INFO Recall = TP / (TP + FN) ............................ = 0.88801712
2020-09-02 18:31:42,538 INFO F-Measure .......................................... = 0.83501006
2020-09-02 18:31:42,539 INFO TWi ................................................ = 0.80421218
2020-09-02 18:31:42,539 INFO Complete
2020-09-02 18:31:44,787 INFO ==================== Matrix Robot Test =====================
2020-09-02 18:31:44,789 INFO ER Metrics version: 2.1.0
2020-09-02 18:31:44,790 INFO Using configuration file ERMetricsPoorDQfinal.properties
2020-09-02 18:31:44,790 INFO Creating report ...
2020-09-02 18:31:44,790 INFO Calculating Entity Resolution ERMetrics . . .
2020-09-02 18:31:44,792 INFO Reference record.column:1 cluster.column:2
2020-09-02 18:31:44,793 INFO 	Header:[RecID,IdTruth]
2020-09-02 18:31:44,793 INFO 	Record #1:A912969:1
2020-09-02 18:31:45,061 INFO Reference Set Records Read[271142]  Duplicates[0]  Created[271142]  Errors[0]
2020-09-02 18:31:45,061 INFO Link Rule Column ignored
2020-09-02 18:31:45,061 INFO Link record.column:1 cluster.column:2 rule.column:0
2020-09-02 18:31:45,062 INFO Reading Link File [ResultsLinkFile.txt]
2020-09-02 18:31:45,062 INFO 	Record #1:A904736:A904736
2020-09-02 18:31:45,065 INFO Link Set Records Read[999]  Matched[999]  Created[0]  Errors[0]
2020-09-02 18:31:45,065 INFO Performing INNER join for 271142 references
2020-09-02 18:31:45,094 INFO Joined Link Set Records Total[271142]  NoLinkId[270143]  NoReferenceId[0]  Joined[999]
2020-09-02 18:31:45,094 INFO Computing True Pairs and Clusters for 999 references
2020-09-02 18:31:45,098 INFO Total Count:999 Pairs:2804 Clusters:195
2020-09-02 18:31:45,100 INFO 100 False Negative pairs written
2020-09-02 18:31:47,173 INFO Computing Linked Pairs and Clusters for 999 references
2020-09-02 18:31:47,176 INFO Total Count:999 Pairs:3160 Clusters:240
2020-09-02 18:31:47,177 INFO 100 False Positive pairs written
2020-09-02 18:31:47,788 INFO Computing Agreement Pairs and Clusters for 999 references
2020-09-02 18:31:47,790 INFO Total Count:999 Pairs:2490 Clusters:269
2020-09-02 18:31:47,790 INFO 
2020-09-02 18:31:47,791 INFO Total Distinct Records ID values (N) ............... = 999
2020-09-02 18:31:47,792 INFO ---------------------Clusters ----------------------
2020-09-02 18:31:47,792 INFO Reference Set Clusters (EC) ........................ = 195
2020-09-02 18:31:47,792 INFO Link Set Clusters (LC) ............................. = 240
2020-09-02 18:31:47,793 INFO Reference+Link Set Agreement Clusters (AC) ......... = 269
2020-09-02 18:31:47,793 INFO 
2020-09-02 18:31:47,793 INFO ---------------------Pairs -------------------------
2020-09-02 18:31:47,793 INFO Total Pairs (D) = ((N * N-1) / 2) .................. = 498,501
2020-09-02 18:31:47,794 INFO Reference Set Pairs (E) ............................ = 2,804
2020-09-02 18:31:47,794 INFO Link Set Linked Pairs (L) .......................... = 3,160
2020-09-02 18:31:47,795 INFO Reference+Link Set Agreement Pairs (A) ............. = 2,490
2020-09-02 18:31:47,795 INFO True Positive Pairs (TP) ........................... = 2,490
2020-09-02 18:31:47,795 INFO False Positive Pairs (FP) = L - TP ................. = 670
2020-09-02 18:31:47,796 INFO True Negative Pairs (TN) = D - TP - FP - FN ........ = 495,027
2020-09-02 18:31:47,796 INFO False Negative Pairs (FN) = E - TP ................. = 314
2020-09-02 18:31:47,796 INFO 
2020-09-02 18:31:47,796 INFO ---------------------Rates - (0.0 - 1.0) -----------
2020-09-02 18:31:47,799 INFO False Positive Rate = FP / (TN + FP) ............... = 0.00135163
2020-09-02 18:31:47,799 INFO False Negative Rate = FN / E ....................... = 0.11198288
2020-09-02 18:31:47,799 INFO Accuracy = (TP + TN) / D ........................... = 0.99802608
2020-09-02 18:31:47,800 INFO Precision = TP / (TP + FP) ......................... = 0.78797468
2020-09-02 18:31:47,800 INFO Recall = TP / (TP + FN) ............................ = 0.88801712
2020-09-02 18:31:47,800 INFO F-Measure .......................................... = 0.83501006
2020-09-02 18:31:47,801 INFO TWi ................................................ = 0.80421218
2020-09-02 18:31:47,801 INFO Complete
